
[Fri Jul 09 2021 00:59:56 GMT+0300 (Eastern European Summer Time)] chatId: 413999443 usr: Mr_PG text: /start
[Fri Jul 09 2021 01:00:04 GMT+0300 (Eastern European Summer Time)] chatId: 413999443 usr: Mr_PG text: https://www.youtube.com/watch?v=ZlcHta3RYRY&ab_channel=THEUNSLEEPING
[Fri Jul 09 2021 01:00:04 GMT+0300 (Eastern European Summer Time)] chatId: 413999443 messageId: 49 deleted
[Fri Jul 09 2021 01:00:04 GMT+0300 (Eastern European Summer Time)] chatId: 413999443 videoID: ZlcHta3RYRY
[Fri Jul 09 2021 01:00:11 GMT+0300 (Eastern European Summer Time)] videoId: ZlcHta3RYRY sent
[Fri Jul 09 2021 01:02:02 GMT+0300 (Eastern European Summer Time)] chatId: 634131947 usr: sooom_m text: /start
[Fri Jul 09 2021 01:02:06 GMT+0300 (Eastern European Summer Time)] chatId: 634131947 usr: sooom_m text: https://youtu.be/d5bbqKYu51w
[Fri Jul 09 2021 01:02:06 GMT+0300 (Eastern European Summer Time)] chatId: 634131947 messageId: 52 deleted
[Fri Jul 09 2021 01:02:06 GMT+0300 (Eastern European Summer Time)] chatId: 634131947 videoID: d5bbqKYu51w
[Fri Jul 09 2021 01:02:12 GMT+0300 (Eastern European Summer Time)] chatId: 634131947 usr: sooom_m text: https://youtu.be/d5bbqKYu51w
[Fri Jul 09 2021 01:02:12 GMT+0300 (Eastern European Summer Time)] chatId: 634131947 messageId: 53 deleted
[Fri Jul 09 2021 01:02:12 GMT+0300 (Eastern European Summer Time)] chatId: 634131947 videoID: d5bbqKYu51w
[Fri Jul 09 2021 01:02:13 GMT+0300 (Eastern European Summer Time)] videoId: d5bbqKYu51w sent
[Fri Jul 09 2021 10:14:15 GMT+0300 (Eastern European Summer Time)] chatId: 634131947 usr: sooom_m text: https://youtu.be/DOxLgW2dJAs
[Fri Jul 09 2021 10:14:15 GMT+0300 (Eastern European Summer Time)] chatId: 634131947 messageId: 55 deleted
[Fri Jul 09 2021 10:14:15 GMT+0300 (Eastern European Summer Time)] chatId: 634131947 videoID: DOxLgW2dJAs
[Fri Jul 09 2021 10:14:15 GMT+0300 (Eastern European Summer Time)] chatId: 634131947 usr: sooom_m text: https://youtu.be/DOxLgW2dJAs
[Fri Jul 09 2021 10:14:15 GMT+0300 (Eastern European Summer Time)] chatId: 634131947 messageId: 56 deleted
[Fri Jul 09 2021 10:14:15 GMT+0300 (Eastern European Summer Time)] chatId: 634131947 videoID: DOxLgW2dJAs
[Fri Jul 09 2021 10:14:15 GMT+0300 (Eastern European Summer Time)] chatId: 634131947 usr: sooom_m text: https://youtu.be/JWeJHN5P-E8
[Fri Jul 09 2021 10:14:15 GMT+0300 (Eastern European Summer Time)] chatId: 634131947 messageId: 57 deleted
[Fri Jul 09 2021 10:14:15 GMT+0300 (Eastern European Summer Time)] chatId: 634131947 videoID: JWeJHN5P-E8
[Fri Jul 09 2021 10:14:15 GMT+0300 (Eastern European Summer Time)] chatId: 413999443 usr: Mr_PG text: https://www.youtube.com/watch?v=d5bbqKYu51w&ab_channel=HYBELABELS
[Fri Jul 09 2021 10:14:15 GMT+0300 (Eastern European Summer Time)] chatId: 413999443 messageId: 58 deleted
[Fri Jul 09 2021 10:14:15 GMT+0300 (Eastern European Summer Time)] chatId: 413999443 videoID: d5bbqKYu51w
[Fri Jul 09 2021 10:14:21 GMT+0300 (Eastern European Summer Time)] videoId: DOxLgW2dJAs sent
[Fri Jul 09 2021 10:14:21 GMT+0300 (Eastern European Summer Time)] videoId: DOxLgW2dJAs sent
[Fri Jul 09 2021 10:14:27 GMT+0300 (Eastern European Summer Time)] videoId: JWeJHN5P-E8 sent
[Fri Jul 09 2021 10:14:28 GMT+0300 (Eastern European Summer Time)] videoId: d5bbqKYu51w sent


[Fri Jul 09 2021 10:17:40 GMT+0300 (Eastern European Summer Time)] chatId: 413999443 usr: Mr_PG text: https://www.youtube.com/watch?v=JWeJHN5P-E8&ab_channel=5SOSVEVO
[Fri Jul 09 2021 10:17:40 GMT+0300 (Eastern European Summer Time)] chatId: 413999443 messageId: 63 deleted
[Fri Jul 09 2021 10:17:40 GMT+0300 (Eastern European Summer Time)] chatId: 413999443 videoID: JWeJHN5P-E8
[Fri Jul 09 2021 10:17:48 GMT+0300 (Eastern European Summer Time)] videoId: JWeJHN5P-E8 sent
[Fri Jul 09 2021 10:19:29 GMT+0300 (Eastern European Summer Time)] chatId: 413999443 usr: Mr_PG text: https://www.youtube.com/watch?v=Jqs5EaAaueA&ab_channel=5SOSVEVO
[Fri Jul 09 2021 10:19:29 GMT+0300 (Eastern European Summer Time)] chatId: 413999443 messageId: 65 deleted
[Fri Jul 09 2021 10:19:29 GMT+0300 (Eastern European Summer Time)] chatId: 413999443 videoID: Jqs5EaAaueA
[Fri Jul 09 2021 10:19:37 GMT+0300 (Eastern European Summer Time)] chatId: 413999443 videoId: Jqs5EaAaueA sent
[Fri Jul 09 2021 10:19:58 GMT+0300 (Eastern European Summer Time)] chatId: 413999443 usr: Mr_PG text: https://www.youtube.com/watch?v=Jqs5EaAaueA&ab_channel=5SOSVEVO
[Fri Jul 09 2021 10:19:58 GMT+0300 (Eastern European Summer Time)] chatId: 413999443 videoID: Jqs5EaAaueA
[Fri Jul 09 2021 10:19:58 GMT+0300 (Eastern European Summer Time)] chatId: 413999443 messageId: 67 deleted
[Fri Jul 09 2021 10:20:05 GMT+0300 (Eastern European Summer Time)] chatId: 413999443 videoId: Jqs5EaAaueA sent